<?xml version="1.0" encoding="UTF-8"?>
<testsuite name="com.example.hicardi.HiCardiApplicationTests" tests="1" skipped="0" failures="0" errors="0" timestamp="2023-09-11T14:23:23" hostname="ieojinucBookPro" time="0.445">
  <properties/>
  <testcase name="contextLoads()" classname="com.example.hicardi.HiCardiApplicationTests" time="0.445"/>
  <system-out><![CDATA[23:23:22.062 [Test worker] INFO org.springframework.test.context.support.AnnotationConfigContextLoaderUtils -- Could not detect default configuration classes for test class [com.example.hicardi.HiCardiApplicationTests]: HiCardiApplicationTests does not declare any static, non-private, non-final, nested classes annotated with @Configuration.
23:23:22.110 [Test worker] INFO org.springframework.boot.test.context.SpringBootTestContextBootstrapper -- Found @SpringBootConfiguration com.example.hicardi.HiCardiApplication for test class com.example.hicardi.HiCardiApplicationTests

  .   ____          _            __ _ _
 /\\ / ___'_ __ _ _(_)_ __  __ _ \ \ \ \
( ( )\___ | '_ | '_| | '_ \/ _` | \ \ \ \
 \\/  ___)| |_)| | | | | || (_| |  ) ) ) )
  '  |____| .__|_| |_|_| |_\__, | / / / /
 =========|_|==============|___/=/_/_/_/
 :: Spring Boot ::                (v3.1.3)

2023-09-11T23:23:22.322+09:00  INFO 68004 --- [    Test worker] c.e.hicardi.HiCardiApplicationTests      : Starting HiCardiApplicationTests using Java 19.0.2 with PID 68004 (started by ieojin in /Users/ieojin/Documents/Hi-Cardi/BackEnd)
2023-09-11T23:23:22.323+09:00  INFO 68004 --- [    Test worker] c.e.hicardi.HiCardiApplicationTests      : No active profile set, falling back to 1 default profile: "default"
2023-09-11T23:23:22.629+09:00  INFO 68004 --- [    Test worker] .s.d.r.c.RepositoryConfigurationDelegate : Multiple Spring Data modules found, entering strict repository configuration mode
2023-09-11T23:23:22.629+09:00  INFO 68004 --- [    Test worker] .s.d.r.c.RepositoryConfigurationDelegate : Bootstrapping Spring Data JDBC repositories in DEFAULT mode.
2023-09-11T23:23:22.637+09:00  INFO 68004 --- [    Test worker] .s.d.r.c.RepositoryConfigurationDelegate : Finished Spring Data repository scanning in 6 ms. Found 0 JDBC repository interfaces.
2023-09-11T23:23:22.644+09:00  INFO 68004 --- [    Test worker] .s.d.r.c.RepositoryConfigurationDelegate : Multiple Spring Data modules found, entering strict repository configuration mode
2023-09-11T23:23:22.644+09:00  INFO 68004 --- [    Test worker] .s.d.r.c.RepositoryConfigurationDelegate : Bootstrapping Spring Data JPA repositories in DEFAULT mode.
2023-09-11T23:23:22.647+09:00  INFO 68004 --- [    Test worker] .s.d.r.c.RepositoryConfigurationDelegate : Finished Spring Data repository scanning in 0 ms. Found 0 JPA repository interfaces.
2023-09-11T23:23:22.856+09:00  INFO 68004 --- [    Test worker] o.hibernate.jpa.internal.util.LogHelper  : HHH000204: Processing PersistenceUnitInfo [name: default]
2023-09-11T23:23:22.888+09:00  INFO 68004 --- [    Test worker] org.hibernate.Version                    : HHH000412: Hibernate ORM core version 6.2.7.Final
2023-09-11T23:23:22.890+09:00  INFO 68004 --- [    Test worker] org.hibernate.cfg.Environment            : HHH000406: Using bytecode reflection optimizer
2023-09-11T23:23:22.958+09:00  INFO 68004 --- [    Test worker] o.h.b.i.BytecodeProviderInitiator        : HHH000021: Bytecode provider name : bytebuddy
2023-09-11T23:23:23.030+09:00  INFO 68004 --- [    Test worker] o.s.o.j.p.SpringPersistenceUnitInfo      : No LoadTimeWeaver setup: ignoring JPA class transformer
2023-09-11T23:23:23.038+09:00  INFO 68004 --- [    Test worker] com.zaxxer.hikari.HikariDataSource       : HikariPool-1 - Starting...
2023-09-11T23:23:23.250+09:00  INFO 68004 --- [    Test worker] com.zaxxer.hikari.pool.HikariPool        : HikariPool-1 - Added connection org.mariadb.jdbc.Connection@32da97fd
2023-09-11T23:23:23.251+09:00  INFO 68004 --- [    Test worker] com.zaxxer.hikari.HikariDataSource       : HikariPool-1 - Start completed.
2023-09-11T23:23:23.340+09:00  INFO 68004 --- [    Test worker] o.h.b.i.BytecodeProviderInitiator        : HHH000021: Bytecode provider name : bytebuddy
2023-09-11T23:23:23.434+09:00  INFO 68004 --- [    Test worker] o.h.e.t.j.p.i.JtaPlatformInitiator       : HHH000490: Using JtaPlatform implementation: [org.hibernate.engine.transaction.jta.platform.internal.NoJtaPlatform]
2023-09-11T23:23:23.436+09:00  INFO 68004 --- [    Test worker] j.LocalContainerEntityManagerFactoryBean : Initialized JPA EntityManagerFactory for persistence unit 'default'
2023-09-11T23:23:23.798+09:00  INFO 68004 --- [    Test worker] c.e.hicardi.HiCardiApplicationTests      : Started HiCardiApplicationTests in 1.616 seconds (process running for 2.172)
]]></system-out>
  <system-err><![CDATA[]]></system-err>
</testsuite>
